{"C:\\Users\\kenny\\workspaces\\js-element\\src\\main\\lib\\superfine.ts": {"path":"C:\\Users\\kenny\\workspaces\\js-element\\src\\main\\lib\\superfine.ts","statementMap":{"0":{"start":{"line":4,"column":15},"end":{"line":4,"column":16}},"1":{"start":{"line":5,"column":14},"end":{"line":5,"column":15}},"2":{"start":{"line":6,"column":14},"end":{"line":6,"column":16}},"3":{"start":{"line":7,"column":14},"end":{"line":7,"column":16}},"4":{"start":{"line":8,"column":11},"end":{"line":8,"column":39}},"5":{"start":{"line":10,"column":15},"end":{"line":12,"column":1}},"6":{"start":{"line":11,"column":2},"end":{"line":11,"column":null}},"7":{"start":{"line":14,"column":13},"end":{"line":14,"column":55}},"8":{"start":{"line":14,"column":24},"end":{"line":14,"column":54}},"9":{"start":{"line":16,"column":20},"end":{"line":38,"column":1}},"10":{"start":{"line":17,"column":2},"end":{"line":37,"column":null}},"11":{"start":{"line":18,"column":9},"end":{"line":37,"column":null}},"12":{"start":{"line":19,"column":4},"end":{"line":25,"column":null}},"13":{"start":{"line":22,"column":6},"end":{"line":22,"column":null}},"14":{"start":{"line":23,"column":11},"end":{"line":25,"column":null}},"15":{"start":{"line":24,"column":6},"end":{"line":24,"column":null}},"16":{"start":{"line":26,"column":9},"end":{"line":37,"column":null}},"17":{"start":{"line":27,"column":4},"end":{"line":30,"column":null}},"18":{"start":{"line":28,"column":6},"end":{"line":28,"column":null}},"19":{"start":{"line":29,"column":6},"end":{"line":29,"column":null}},"20":{"start":{"line":31,"column":9},"end":{"line":37,"column":null}},"21":{"start":{"line":32,"column":4},"end":{"line":32,"column":null}},"22":{"start":{"line":33,"column":9},"end":{"line":37,"column":null}},"23":{"start":{"line":34,"column":4},"end":{"line":34,"column":null}},"24":{"start":{"line":36,"column":4},"end":{"line":36,"column":null}},"25":{"start":{"line":40,"column":17},"end":{"line":60,"column":1}},"26":{"start":{"line":41,"column":14},"end":{"line":41,"column":24}},"27":{"start":{"line":43,"column":6},"end":{"line":47,"column":60}},"28":{"start":{"line":49,"column":2},"end":{"line":51,"column":null}},"29":{"start":{"line":50,"column":4},"end":{"line":50,"column":null}},"30":{"start":{"line":53,"column":2},"end":{"line":57,"column":null}},"31":{"start":{"line":53,"column":15},"end":{"line":53,"column":16}},"32":{"start":{"line":54,"column":4},"end":{"line":56,"column":null}},"33":{"start":{"line":59,"column":2},"end":{"line":59,"column":null}},"34":{"start":{"line":62,"column":16},"end":{"line":227,"column":1}},"35":{"start":{"line":63,"column":2},"end":{"line":224,"column":null}},"36":{"start":{"line":64,"column":9},"end":{"line":224,"column":null}},"37":{"start":{"line":69,"column":4},"end":{"line":69,"column":null}},"38":{"start":{"line":69,"column":39},"end":{"line":69,"column":null}},"39":{"start":{"line":70,"column":9},"end":{"line":224,"column":null}},"40":{"start":{"line":71,"column":4},"end":{"line":74,"column":null}},"41":{"start":{"line":75,"column":4},"end":{"line":77,"column":null}},"42":{"start":{"line":76,"column":6},"end":{"line":76,"column":null}},"43":{"start":{"line":83,"column":17},"end":{"line":83,"column":31}},"44":{"start":{"line":84,"column":17},"end":{"line":84,"column":31}},"45":{"start":{"line":85,"column":17},"end":{"line":85,"column":34}},"46":{"start":{"line":86,"column":17},"end":{"line":86,"column":34}},"47":{"start":{"line":87,"column":16},"end":{"line":87,"column":17}},"48":{"start":{"line":88,"column":16},"end":{"line":88,"column":17}},"49":{"start":{"line":89,"column":16},"end":{"line":89,"column":35}},"50":{"start":{"line":90,"column":16},"end":{"line":90,"column":35}},"51":{"start":{"line":92,"column":4},"end":{"line":92,"column":null}},"52":{"start":{"line":94,"column":4},"end":{"line":102,"column":null}},"53":{"start":{"line":95,"column":6},"end":{"line":101,"column":null}},"54":{"start":{"line":100,"column":8},"end":{"line":100,"column":null}},"55":{"start":{"line":104,"column":4},"end":{"line":119,"column":null}},"56":{"start":{"line":105,"column":6},"end":{"line":110,"column":null}},"57":{"start":{"line":109,"column":8},"end":{"line":109,"column":13}},"58":{"start":{"line":112,"column":6},"end":{"line":118,"column":null}},"59":{"start":{"line":121,"column":4},"end":{"line":136,"column":null}},"60":{"start":{"line":122,"column":6},"end":{"line":127,"column":null}},"61":{"start":{"line":126,"column":8},"end":{"line":126,"column":13}},"62":{"start":{"line":129,"column":6},"end":{"line":135,"column":null}},"63":{"start":{"line":138,"column":4},"end":{"line":223,"column":null}},"64":{"start":{"line":139,"column":6},"end":{"line":144,"column":null}},"65":{"start":{"line":140,"column":8},"end":{"line":143,"column":null}},"66":{"start":{"line":145,"column":11},"end":{"line":223,"column":null}},"67":{"start":{"line":146,"column":6},"end":{"line":148,"column":null}},"68":{"start":{"line":147,"column":8},"end":{"line":147,"column":null}},"69":{"start":{"line":150,"column":6},"end":{"line":154,"column":null}},"70":{"start":{"line":150,"column":23},"end":{"line":150,"column":25}},"71":{"start":{"line":150,"column":38},"end":{"line":150,"column":40}},"72":{"start":{"line":150,"column":46},"end":{"line":150,"column":53}},"73":{"start":{"line":151,"column":8},"end":{"line":153,"column":null}},"74":{"start":{"line":152,"column":10},"end":{"line":152,"column":null}},"75":{"start":{"line":156,"column":6},"end":{"line":210,"column":null}},"76":{"start":{"line":157,"column":8},"end":{"line":157,"column":null}},"77":{"start":{"line":158,"column":8},"end":{"line":158,"column":null}},"78":{"start":{"line":160,"column":8},"end":{"line":169,"column":null}},"79":{"start":{"line":164,"column":10},"end":{"line":166,"column":null}},"80":{"start":{"line":165,"column":12},"end":{"line":165,"column":null}},"81":{"start":{"line":167,"column":10},"end":{"line":167,"column":null}},"82":{"start":{"line":168,"column":10},"end":{"line":168,"column":18}},"83":{"start":{"line":171,"column":8},"end":{"line":209,"column":null}},"84":{"start":{"line":172,"column":10},"end":{"line":181,"column":null}},"85":{"start":{"line":173,"column":12},"end":{"line":179,"column":null}},"86":{"start":{"line":180,"column":12},"end":{"line":180,"column":null}},"87":{"start":{"line":182,"column":10},"end":{"line":182,"column":null}},"88":{"start":{"line":184,"column":10},"end":{"line":207,"column":null}},"89":{"start":{"line":185,"column":12},"end":{"line":185,"column":null}},"90":{"start":{"line":186,"column":12},"end":{"line":186,"column":null}},"91":{"start":{"line":187,"column":12},"end":{"line":187,"column":null}},"92":{"start":{"line":189,"column":12},"end":{"line":206,"column":null}},"93":{"start":{"line":190,"column":14},"end":{"line":196,"column":null}},"94":{"start":{"line":197,"column":14},"end":{"line":197,"column":null}},"95":{"start":{"line":199,"column":14},"end":{"line":205,"column":null}},"96":{"start":{"line":208,"column":10},"end":{"line":208,"column":null}},"97":{"start":{"line":212,"column":6},"end":{"line":216,"column":null}},"98":{"start":{"line":213,"column":8},"end":{"line":215,"column":null}},"99":{"start":{"line":214,"column":10},"end":{"line":214,"column":null}},"100":{"start":{"line":218,"column":6},"end":{"line":222,"column":null}},"101":{"start":{"line":219,"column":8},"end":{"line":221,"column":null}},"102":{"start":{"line":220,"column":10},"end":{"line":220,"column":null}},"103":{"start":{"line":226,"column":2},"end":{"line":226,"column":null}},"104":{"start":{"line":229,"column":14},"end":{"line":230,"column":75}},"105":{"start":{"line":230,"column":2},"end":{"line":230,"column":75}},"106":{"start":{"line":232,"column":18},"end":{"line":235,"column":1}},"107":{"start":{"line":233,"column":2},"end":{"line":233,"column":null}},"108":{"start":{"line":234,"column":2},"end":{"line":234,"column":null}},"109":{"start":{"line":237,"column":16},"end":{"line":238,"column":64}},"110":{"start":{"line":238,"column":2},"end":{"line":238,"column":64}},"111":{"start":{"line":240,"column":18},"end":{"line":248,"column":null}},"112":{"start":{"line":241,"column":2},"end":{"line":248,"column":null}},"113":{"start":{"line":251,"column":18},"end":{"line":258,"column":2}},"114":{"start":{"line":251,"column":57},"end":{"line":258,"column":2}},"115":{"start":{"line":260,"column":18},"end":{"line":261,"column":59}},"116":{"start":{"line":261,"column":2},"end":{"line":261,"column":59}},"117":{"start":{"line":260,"column":11},"end":{"line":260,"column":18}},"118":{"start":{"line":263,"column":15},"end":{"line":267,"column":null}},"119":{"start":{"line":264,"column":2},"end":{"line":267,"column":null}},"120":{"start":{"line":263,"column":11},"end":{"line":263,"column":15}},"121":{"start":{"line":270,"column":19},"end":{"line":277,"column":null}},"122":{"start":{"line":271,"column":2},"end":{"line":277,"column":6}},"123":{"start":{"line":270,"column":11},"end":{"line":270,"column":19}}},"fnMap":{"0":{"name":"(anonymous_0)","decl":{"start":{"line":10,"column":15},"end":{"line":10,"column":25}},"loc":{"start":{"line":10,"column":30},"end":{"line":12,"column":1}}},"1":{"name":"(anonymous_1)","decl":{"start":{"line":14,"column":13},"end":{"line":14,"column":14}},"loc":{"start":{"line":14,"column":24},"end":{"line":14,"column":54}}},"2":{"name":"(anonymous_2)","decl":{"start":{"line":16,"column":20},"end":{"line":16,"column":21}},"loc":{"start":{"line":16,"column":61},"end":{"line":38,"column":1}}},"3":{"name":"(anonymous_3)","decl":{"start":{"line":40,"column":17},"end":{"line":40,"column":18}},"loc":{"start":{"line":40,"column":33},"end":{"line":60,"column":1}}},"4":{"name":"(anonymous_4)","decl":{"start":{"line":62,"column":16},"end":{"line":62,"column":17}},"loc":{"start":{"line":62,"column":60},"end":{"line":227,"column":1}}},"5":{"name":"(anonymous_5)","decl":{"start":{"line":229,"column":14},"end":{"line":229,"column":15}},"loc":{"start":{"line":230,"column":2},"end":{"line":230,"column":75}}},"6":{"name":"(anonymous_6)","decl":{"start":{"line":232,"column":18},"end":{"line":232,"column":19}},"loc":{"start":{"line":232,"column":40},"end":{"line":235,"column":1}}},"7":{"name":"(anonymous_7)","decl":{"start":{"line":237,"column":16},"end":{"line":237,"column":17}},"loc":{"start":{"line":238,"column":2},"end":{"line":238,"column":64}}},"8":{"name":"(anonymous_8)","decl":{"start":{"line":240,"column":18},"end":{"line":240,"column":19}},"loc":{"start":{"line":241,"column":2},"end":{"line":248,"column":null}}},"9":{"name":"(anonymous_9)","decl":{"start":{"line":251,"column":18},"end":{"line":251,"column":19}},"loc":{"start":{"line":251,"column":57},"end":{"line":258,"column":2}}},"10":{"name":"(anonymous_10)","decl":{"start":{"line":260,"column":18},"end":{"line":260,"column":19}},"loc":{"start":{"line":261,"column":2},"end":{"line":261,"column":59}}},"11":{"name":"(anonymous_11)","decl":{"start":{"line":263,"column":15},"end":{"line":263,"column":16}},"loc":{"start":{"line":264,"column":2},"end":{"line":267,"column":null}}},"12":{"name":"(anonymous_12)","decl":{"start":{"line":270,"column":19},"end":{"line":270,"column":20}},"loc":{"start":{"line":271,"column":2},"end":{"line":277,"column":6}}}},"branchMap":{"0":{"loc":{"start":{"line":14,"column":39},"end":{"line":14,"column":43}},"type":"cond-expr","locations":[{"start":{"line":14,"column":39},"end":{"line":14,"column":43}},{"start":{"line":14,"column":46},"end":{"line":14,"column":54}}]},"1":{"loc":{"start":{"line":17,"column":2},"end":{"line":37,"column":null}},"type":"if","locations":[{"start":{"line":17,"column":2},"end":{"line":37,"column":null}},{"start":{"line":17,"column":2},"end":{"line":37,"column":null}}]},"2":{"loc":{"start":{"line":18,"column":9},"end":{"line":37,"column":null}},"type":"if","locations":[{"start":{"line":18,"column":9},"end":{"line":37,"column":null}},{"start":{"line":18,"column":9},"end":{"line":37,"column":null}}]},"3":{"loc":{"start":{"line":18,"column":13},"end":{"line":18,"column":27}},"type":"binary-expr","locations":[{"start":{"line":18,"column":13},"end":{"line":18,"column":27}},{"start":{"line":18,"column":31},"end":{"line":18,"column":45}}]},"4":{"loc":{"start":{"line":19,"column":4},"end":{"line":25,"column":null}},"type":"if","locations":[{"start":{"line":19,"column":4},"end":{"line":25,"column":null}},{"start":{"line":19,"column":4},"end":{"line":25,"column":null}}]},"5":{"loc":{"start":{"line":20,"column":9},"end":{"line":20,"column":20}},"type":"binary-expr","locations":[{"start":{"line":20,"column":9},"end":{"line":20,"column":20}},{"start":{"line":20,"column":25},"end":{"line":20,"column":41}}]},"6":{"loc":{"start":{"line":23,"column":11},"end":{"line":25,"column":null}},"type":"if","locations":[{"start":{"line":23,"column":11},"end":{"line":25,"column":null}},{"start":{"line":23,"column":11},"end":{"line":25,"column":null}}]},"7":{"loc":{"start":{"line":26,"column":9},"end":{"line":37,"column":null}},"type":"if","locations":[{"start":{"line":26,"column":9},"end":{"line":37,"column":null}},{"start":{"line":26,"column":9},"end":{"line":37,"column":null}}]},"8":{"loc":{"start":{"line":27,"column":4},"end":{"line":30,"column":null}},"type":"if","locations":[{"start":{"line":27,"column":4},"end":{"line":30,"column":null}},{"start":{"line":27,"column":4},"end":{"line":30,"column":null}}]},"9":{"loc":{"start":{"line":28,"column":6},"end":{"line":28,"column":14}},"type":"binary-expr","locations":[{"start":{"line":28,"column":6},"end":{"line":28,"column":14}},{"start":{"line":28,"column":18},"end":{"line":28,"column":43}}]},"10":{"loc":{"start":{"line":29,"column":6},"end":{"line":29,"column":14}},"type":"binary-expr","locations":[{"start":{"line":29,"column":6},"end":{"line":29,"column":14}},{"start":{"line":29,"column":18},"end":{"line":29,"column":43}}]},"11":{"loc":{"start":{"line":31,"column":9},"end":{"line":37,"column":null}},"type":"if","locations":[{"start":{"line":31,"column":9},"end":{"line":37,"column":null}},{"start":{"line":31,"column":9},"end":{"line":37,"column":null}}]},"12":{"loc":{"start":{"line":31,"column":13},"end":{"line":31,"column":19}},"type":"binary-expr","locations":[{"start":{"line":31,"column":13},"end":{"line":31,"column":19}},{"start":{"line":31,"column":23},"end":{"line":31,"column":37}},{"start":{"line":31,"column":41},"end":{"line":31,"column":55}},{"start":{"line":31,"column":59},"end":{"line":31,"column":70}}]},"13":{"loc":{"start":{"line":32,"column":35},"end":{"line":32,"column":37}},"type":"cond-expr","locations":[{"start":{"line":32,"column":35},"end":{"line":32,"column":37}},{"start":{"line":32,"column":40},"end":{"line":32,"column":48}}]},"14":{"loc":{"start":{"line":33,"column":9},"end":{"line":37,"column":null}},"type":"if","locations":[{"start":{"line":33,"column":9},"end":{"line":37,"column":null}},{"start":{"line":33,"column":9},"end":{"line":37,"column":null}}]},"15":{"loc":{"start":{"line":33,"column":13},"end":{"line":33,"column":29}},"type":"binary-expr","locations":[{"start":{"line":33,"column":13},"end":{"line":33,"column":29}},{"start":{"line":33,"column":33},"end":{"line":33,"column":51}}]},"16":{"loc":{"start":{"line":44,"column":10},"end":{"line":44,"column":43}},"type":"cond-expr","locations":[{"start":{"line":44,"column":10},"end":{"line":44,"column":43}},{"start":{"line":45,"column":10},"end":{"line":47,"column":60}}]},"17":{"loc":{"start":{"line":46,"column":10},"end":{"line":46,"column":70}},"type":"cond-expr","locations":[{"start":{"line":46,"column":10},"end":{"line":46,"column":70}},{"start":{"line":47,"column":10},"end":{"line":47,"column":60}}]},"18":{"loc":{"start":{"line":45,"column":19},"end":{"line":45,"column":24}},"type":"binary-expr","locations":[{"start":{"line":45,"column":19},"end":{"line":45,"column":24}},{"start":{"line":45,"column":28},"end":{"line":45,"column":46}}]},"19":{"loc":{"start":{"line":63,"column":2},"end":{"line":224,"column":null}},"type":"if","locations":[{"start":{"line":63,"column":2},"end":{"line":224,"column":null}},{"start":{"line":63,"column":2},"end":{"line":224,"column":null}}]},"20":{"loc":{"start":{"line":64,"column":9},"end":{"line":224,"column":null}},"type":"if","locations":[{"start":{"line":64,"column":9},"end":{"line":224,"column":null}},{"start":{"line":64,"column":9},"end":{"line":224,"column":null}}]},"21":{"loc":{"start":{"line":65,"column":4},"end":{"line":65,"column":20}},"type":"binary-expr","locations":[{"start":{"line":65,"column":4},"end":{"line":65,"column":20}},{"start":{"line":66,"column":4},"end":{"line":66,"column":31}},{"start":{"line":67,"column":4},"end":{"line":67,"column":31}}]},"22":{"loc":{"start":{"line":69,"column":4},"end":{"line":69,"column":null}},"type":"if","locations":[{"start":{"line":69,"column":4},"end":{"line":69,"column":null}},{"start":{"line":69,"column":4},"end":{"line":69,"column":null}}]},"23":{"loc":{"start":{"line":70,"column":9},"end":{"line":224,"column":null}},"type":"if","locations":[{"start":{"line":70,"column":9},"end":{"line":224,"column":null}},{"start":{"line":70,"column":9},"end":{"line":224,"column":null}}]},"24":{"loc":{"start":{"line":70,"column":13},"end":{"line":70,"column":29}},"type":"binary-expr","locations":[{"start":{"line":70,"column":13},"end":{"line":70,"column":29}},{"start":{"line":70,"column":33},"end":{"line":70,"column":62}}]},"25":{"loc":{"start":{"line":75,"column":4},"end":{"line":77,"column":null}},"type":"if","locations":[{"start":{"line":75,"column":4},"end":{"line":77,"column":null}},{"start":{"line":75,"column":4},"end":{"line":77,"column":null}}]},"26":{"loc":{"start":{"line":92,"column":12},"end":{"line":92,"column":17}},"type":"binary-expr","locations":[{"start":{"line":92,"column":12},"end":{"line":92,"column":17}},{"start":{"line":92,"column":21},"end":{"line":92,"column":43}}]},"27":{"loc":{"start":{"line":95,"column":6},"end":{"line":101,"column":null}},"type":"if","locations":[{"start":{"line":95,"column":6},"end":{"line":101,"column":null}},{"start":{"line":95,"column":6},"end":{"line":101,"column":null}}]},"28":{"loc":{"start":{"line":97,"column":12},"end":{"line":97,"column":19}},"type":"cond-expr","locations":[{"start":{"line":97,"column":12},"end":{"line":97,"column":19}},{"start":{"line":98,"column":12},"end":{"line":98,"column":23}}]},"29":{"loc":{"start":{"line":96,"column":9},"end":{"line":96,"column":22}},"type":"binary-expr","locations":[{"start":{"line":96,"column":9},"end":{"line":96,"column":22}},{"start":{"line":96,"column":26},"end":{"line":96,"column":42}},{"start":{"line":96,"column":46},"end":{"line":96,"column":61}}]},"30":{"loc":{"start":{"line":104,"column":11},"end":{"line":104,"column":29}},"type":"binary-expr","locations":[{"start":{"line":104,"column":11},"end":{"line":104,"column":29}},{"start":{"line":104,"column":33},"end":{"line":104,"column":51}}]},"31":{"loc":{"start":{"line":105,"column":6},"end":{"line":110,"column":null}},"type":"if","locations":[{"start":{"line":105,"column":6},"end":{"line":110,"column":null}},{"start":{"line":105,"column":6},"end":{"line":110,"column":null}}]},"32":{"loc":{"start":{"line":106,"column":8},"end":{"line":106,"column":52}},"type":"binary-expr","locations":[{"start":{"line":106,"column":8},"end":{"line":106,"column":52}},{"start":{"line":107,"column":8},"end":{"line":107,"column":44}}]},"33":{"loc":{"start":{"line":121,"column":11},"end":{"line":121,"column":29}},"type":"binary-expr","locations":[{"start":{"line":121,"column":11},"end":{"line":121,"column":29}},{"start":{"line":121,"column":33},"end":{"line":121,"column":51}}]},"34":{"loc":{"start":{"line":122,"column":6},"end":{"line":127,"column":null}},"type":"if","locations":[{"start":{"line":122,"column":6},"end":{"line":127,"column":null}},{"start":{"line":122,"column":6},"end":{"line":127,"column":null}}]},"35":{"loc":{"start":{"line":123,"column":8},"end":{"line":123,"column":52}},"type":"binary-expr","locations":[{"start":{"line":123,"column":8},"end":{"line":123,"column":52}},{"start":{"line":124,"column":8},"end":{"line":124,"column":44}}]},"36":{"loc":{"start":{"line":138,"column":4},"end":{"line":223,"column":null}},"type":"if","locations":[{"start":{"line":138,"column":4},"end":{"line":223,"column":null}},{"start":{"line":138,"column":4},"end":{"line":223,"column":null}}]},"37":{"loc":{"start":{"line":142,"column":11},"end":{"line":142,"column":38}},"type":"binary-expr","locations":[{"start":{"line":142,"column":11},"end":{"line":142,"column":38}},{"start":{"line":142,"column":43},"end":{"line":142,"column":55}}]},"38":{"loc":{"start":{"line":145,"column":11},"end":{"line":223,"column":null}},"type":"if","locations":[{"start":{"line":145,"column":11},"end":{"line":223,"column":null}},{"start":{"line":145,"column":11},"end":{"line":223,"column":null}}]},"39":{"loc":{"start":{"line":151,"column":8},"end":{"line":153,"column":null}},"type":"if","locations":[{"start":{"line":151,"column":8},"end":{"line":153,"column":null}},{"start":{"line":151,"column":8},"end":{"line":153,"column":null}}]},"40":{"loc":{"start":{"line":160,"column":8},"end":{"line":169,"column":null}},"type":"if","locations":[{"start":{"line":160,"column":8},"end":{"line":169,"column":null}},{"start":{"line":160,"column":8},"end":{"line":169,"column":null}}]},"41":{"loc":{"start":{"line":161,"column":10},"end":{"line":161,"column":26}},"type":"binary-expr","locations":[{"start":{"line":161,"column":10},"end":{"line":161,"column":26}},{"start":{"line":162,"column":11},"end":{"line":162,"column":25}},{"start":{"line":162,"column":29},"end":{"line":162,"column":69}}]},"42":{"loc":{"start":{"line":164,"column":10},"end":{"line":166,"column":null}},"type":"if","locations":[{"start":{"line":164,"column":10},"end":{"line":166,"column":null}},{"start":{"line":164,"column":10},"end":{"line":166,"column":null}}]},"43":{"loc":{"start":{"line":171,"column":8},"end":{"line":209,"column":null}},"type":"if","locations":[{"start":{"line":171,"column":8},"end":{"line":209,"column":null}},{"start":{"line":171,"column":8},"end":{"line":209,"column":null}}]},"44":{"loc":{"start":{"line":171,"column":12},"end":{"line":171,"column":26}},"type":"binary-expr","locations":[{"start":{"line":171,"column":12},"end":{"line":171,"column":26}},{"start":{"line":171,"column":30},"end":{"line":171,"column":56}}]},"45":{"loc":{"start":{"line":172,"column":10},"end":{"line":181,"column":null}},"type":"if","locations":[{"start":{"line":172,"column":10},"end":{"line":181,"column":null}},{"start":{"line":172,"column":10},"end":{"line":181,"column":null}}]},"46":{"loc":{"start":{"line":175,"column":14},"end":{"line":175,"column":21}},"type":"binary-expr","locations":[{"start":{"line":175,"column":14},"end":{"line":175,"column":21}},{"start":{"line":175,"column":25},"end":{"line":175,"column":37}}]},"47":{"loc":{"start":{"line":184,"column":10},"end":{"line":207,"column":null}},"type":"if","locations":[{"start":{"line":184,"column":10},"end":{"line":207,"column":null}},{"start":{"line":184,"column":10},"end":{"line":207,"column":null}}]},"48":{"loc":{"start":{"line":189,"column":12},"end":{"line":206,"column":null}},"type":"if","locations":[{"start":{"line":189,"column":12},"end":{"line":206,"column":null}},{"start":{"line":189,"column":12},"end":{"line":206,"column":null}}]},"49":{"loc":{"start":{"line":192,"column":48},"end":{"line":192,"column":55}},"type":"binary-expr","locations":[{"start":{"line":192,"column":48},"end":{"line":192,"column":55}},{"start":{"line":192,"column":59},"end":{"line":192,"column":71}}]},"50":{"loc":{"start":{"line":201,"column":16},"end":{"line":201,"column":23}},"type":"binary-expr","locations":[{"start":{"line":201,"column":16},"end":{"line":201,"column":23}},{"start":{"line":201,"column":27},"end":{"line":201,"column":39}}]},"51":{"loc":{"start":{"line":213,"column":8},"end":{"line":215,"column":null}},"type":"if","locations":[{"start":{"line":213,"column":8},"end":{"line":215,"column":null}},{"start":{"line":213,"column":8},"end":{"line":215,"column":null}}]},"52":{"loc":{"start":{"line":219,"column":8},"end":{"line":221,"column":null}},"type":"if","locations":[{"start":{"line":219,"column":8},"end":{"line":221,"column":null}},{"start":{"line":219,"column":8},"end":{"line":221,"column":null}}]},"53":{"loc":{"start":{"line":230,"column":56},"end":{"line":230,"column":64}},"type":"cond-expr","locations":[{"start":{"line":230,"column":56},"end":{"line":230,"column":64}},{"start":{"line":230,"column":67},"end":{"line":230,"column":75}}]},"54":{"loc":{"start":{"line":230,"column":2},"end":{"line":230,"column":19}},"type":"binary-expr","locations":[{"start":{"line":230,"column":2},"end":{"line":230,"column":19}},{"start":{"line":230,"column":23},"end":{"line":230,"column":41}},{"start":{"line":230,"column":45},"end":{"line":230,"column":53}}]},"55":{"loc":{"start":{"line":234,"column":2},"end":{"line":234,"column":13}},"type":"binary-expr","locations":[{"start":{"line":234,"column":2},"end":{"line":234,"column":13}},{"start":{"line":234,"column":17},"end":{"line":234,"column":32}},{"start":{"line":234,"column":36},"end":{"line":234,"column":68}}]},"56":{"loc":{"start":{"line":238,"column":30},"end":{"line":238,"column":40}},"type":"cond-expr","locations":[{"start":{"line":238,"column":30},"end":{"line":238,"column":40}},{"start":{"line":238,"column":44},"end":{"line":238,"column":63}}]},"57":{"loc":{"start":{"line":242,"column":6},"end":{"line":242,"column":32}},"type":"cond-expr","locations":[{"start":{"line":242,"column":6},"end":{"line":242,"column":32}},{"start":{"line":243,"column":6},"end":{"line":248,"column":null}}]},"58":{"loc":{"start":{"line":263,"column":40},"end":{"line":263,"column":49}},"type":"default-arg","locations":[{"start":{"line":263,"column":40},"end":{"line":263,"column":49}}]},"59":{"loc":{"start":{"line":266,"column":4},"end":{"line":266,"column":9}},"type":"binary-expr","locations":[{"start":{"line":266,"column":4},"end":{"line":266,"column":9}},{"start":{"line":266,"column":13},"end":{"line":266,"column":22}}]},"60":{"loc":{"start":{"line":267,"column":30},"end":{"line":267,"column":38}},"type":"cond-expr","locations":[{"start":{"line":267,"column":30},"end":{"line":267,"column":38}},{"start":{"line":267,"column":41},"end":{"line":267,"column":51}}]},"61":{"loc":{"start":{"line":274,"column":4},"end":{"line":274,"column":13}},"type":"binary-expr","locations":[{"start":{"line":274,"column":4},"end":{"line":274,"column":13}},{"start":{"line":274,"column":17},"end":{"line":274,"column":34}}]}},"s":{"0":1,"1":1,"2":1,"3":1,"4":1,"5":1,"6":0,"7":1,"8":0,"9":1,"10":4,"11":4,"12":0,"13":0,"14":0,"15":0,"16":4,"17":2,"18":2,"19":2,"20":2,"21":2,"22":0,"23":0,"24":0,"25":1,"26":2,"27":2,"28":2,"29":1,"30":2,"31":2,"32":0,"33":2,"34":1,"35":4,"36":4,"37":0,"38":0,"39":4,"40":1,"41":1,"42":1,"43":3,"44":3,"45":3,"46":3,"47":3,"48":3,"49":3,"50":3,"51":3,"52":3,"53":4,"54":3,"55":3,"56":0,"57":0,"58":0,"59":3,"60":0,"61":0,"62":0,"63":3,"64":2,"65":1,"66":1,"67":1,"68":1,"69":0,"70":0,"71":0,"72":0,"73":0,"74":0,"75":0,"76":0,"77":0,"78":0,"79":0,"80":0,"81":0,"82":0,"83":0,"84":0,"85":0,"86":0,"87":0,"88":0,"89":0,"90":0,"91":0,"92":0,"93":0,"94":0,"95":0,"96":0,"97":0,"98":0,"99":0,"100":0,"101":0,"102":0,"103":4,"104":1,"105":2,"106":1,"107":2,"108":2,"109":1,"110":3,"111":1,"112":1,"113":1,"114":6,"115":1,"116":0,"117":1,"118":1,"119":5,"120":1,"121":1,"122":4,"123":1},"f":{"0":0,"1":0,"2":4,"3":2,"4":4,"5":2,"6":2,"7":3,"8":1,"9":6,"10":0,"11":5,"12":4},"b":{"0":[0,0],"1":[0,4],"2":[0,4],"3":[4,0],"4":[0,0],"5":[0,0],"6":[0,0],"7":[2,2],"8":[2,0],"9":[2,0],"10":[2,2],"11":[2,0],"12":[2,2,2,2],"13":[1,1],"14":[0,0],"15":[0,0],"16":[0,2],"17":[0,2],"18":[2,2],"19":[0,4],"20":[0,4],"21":[4,4,0],"22":[0,0],"23":[1,3],"24":[4,4],"25":[1,0],"26":[3,3],"27":[3,1],"28":[0,4],"29":[4,4,4],"30":[3,1],"31":[0,0],"32":[0,0],"33":[3,1],"34":[0,0],"35":[0,0],"36":[2,1],"37":[1,0],"38":[1,0],"39":[0,0],"40":[0,0],"41":[0,0,0],"42":[0,0],"43":[0,0],"44":[0,0],"45":[0,0],"46":[0,0],"47":[0,0],"48":[0,0],"49":[0,0],"50":[0,0],"51":[0,0],"52":[0,0],"53":[2,0],"54":[2,2,2],"55":[2,2,1],"56":[1,2],"57":[0,1],"58":[4],"59":[5,1],"60":[5,0],"61":[4,1]}}
}
