TN:
SF:src\main\lib\superfine.ts
FN:10,(anonymous_0)
FN:14,(anonymous_1)
FN:16,(anonymous_2)
FN:40,(anonymous_3)
FN:62,(anonymous_4)
FN:229,(anonymous_5)
FN:232,(anonymous_6)
FN:237,(anonymous_7)
FN:240,(anonymous_8)
FN:251,(anonymous_9)
FN:260,(anonymous_10)
FN:263,(anonymous_11)
FN:270,(anonymous_12)
FNF:13
FNH:10
FNDA:0,(anonymous_0)
FNDA:0,(anonymous_1)
FNDA:4,(anonymous_2)
FNDA:2,(anonymous_3)
FNDA:4,(anonymous_4)
FNDA:2,(anonymous_5)
FNDA:2,(anonymous_6)
FNDA:3,(anonymous_7)
FNDA:1,(anonymous_8)
FNDA:6,(anonymous_9)
FNDA:0,(anonymous_10)
FNDA:5,(anonymous_11)
FNDA:4,(anonymous_12)
DA:4,1
DA:5,1
DA:6,1
DA:7,1
DA:8,1
DA:10,1
DA:11,0
DA:14,1
DA:16,1
DA:17,4
DA:18,4
DA:19,0
DA:22,0
DA:23,0
DA:24,0
DA:26,4
DA:27,2
DA:28,2
DA:29,2
DA:31,2
DA:32,2
DA:33,0
DA:34,0
DA:36,0
DA:40,1
DA:41,2
DA:43,2
DA:49,2
DA:50,1
DA:53,2
DA:54,0
DA:59,2
DA:62,1
DA:63,4
DA:64,4
DA:69,0
DA:70,4
DA:71,1
DA:75,1
DA:76,1
DA:83,3
DA:84,3
DA:85,3
DA:86,3
DA:87,3
DA:88,3
DA:89,3
DA:90,3
DA:92,3
DA:94,3
DA:95,4
DA:100,3
DA:104,3
DA:105,0
DA:109,0
DA:112,0
DA:121,3
DA:122,0
DA:126,0
DA:129,0
DA:138,3
DA:139,2
DA:140,1
DA:145,1
DA:146,1
DA:147,1
DA:150,0
DA:151,0
DA:152,0
DA:156,0
DA:157,0
DA:158,0
DA:160,0
DA:164,0
DA:165,0
DA:167,0
DA:168,0
DA:171,0
DA:172,0
DA:173,0
DA:180,0
DA:182,0
DA:184,0
DA:185,0
DA:186,0
DA:187,0
DA:189,0
DA:190,0
DA:197,0
DA:199,0
DA:208,0
DA:212,0
DA:213,0
DA:214,0
DA:218,0
DA:219,0
DA:220,0
DA:226,4
DA:229,1
DA:230,2
DA:232,1
DA:233,2
DA:234,2
DA:237,1
DA:238,3
DA:240,1
DA:241,1
DA:251,6
DA:260,1
DA:261,0
DA:263,1
DA:264,5
DA:270,1
DA:271,4
LF:114
LH:66
BRDA:14,0,0,0
BRDA:14,0,1,0
BRDA:17,1,0,0
BRDA:17,1,1,4
BRDA:18,2,0,0
BRDA:18,2,1,4
BRDA:18,3,0,4
BRDA:18,3,1,0
BRDA:19,4,0,0
BRDA:19,4,1,0
BRDA:20,5,0,0
BRDA:20,5,1,0
BRDA:23,6,0,0
BRDA:23,6,1,0
BRDA:26,7,0,2
BRDA:26,7,1,2
BRDA:27,8,0,2
BRDA:27,8,1,0
BRDA:28,9,0,2
BRDA:28,9,1,0
BRDA:29,10,0,2
BRDA:29,10,1,2
BRDA:31,11,0,2
BRDA:31,11,1,0
BRDA:31,12,0,2
BRDA:31,12,1,2
BRDA:31,12,2,2
BRDA:31,12,3,2
BRDA:32,13,0,1
BRDA:32,13,1,1
BRDA:33,14,0,0
BRDA:33,14,1,0
BRDA:33,15,0,0
BRDA:33,15,1,0
BRDA:44,16,0,0
BRDA:44,16,1,2
BRDA:46,17,0,0
BRDA:46,17,1,2
BRDA:45,18,0,2
BRDA:45,18,1,2
BRDA:63,19,0,0
BRDA:63,19,1,4
BRDA:64,20,0,0
BRDA:64,20,1,4
BRDA:65,21,0,4
BRDA:65,21,1,4
BRDA:65,21,2,0
BRDA:69,22,0,0
BRDA:69,22,1,0
BRDA:70,23,0,1
BRDA:70,23,1,3
BRDA:70,24,0,4
BRDA:70,24,1,4
BRDA:75,25,0,1
BRDA:75,25,1,0
BRDA:92,26,0,3
BRDA:92,26,1,3
BRDA:95,27,0,3
BRDA:95,27,1,1
BRDA:97,28,0,0
BRDA:97,28,1,4
BRDA:96,29,0,4
BRDA:96,29,1,4
BRDA:96,29,2,4
BRDA:104,30,0,3
BRDA:104,30,1,1
BRDA:105,31,0,0
BRDA:105,31,1,0
BRDA:106,32,0,0
BRDA:106,32,1,0
BRDA:121,33,0,3
BRDA:121,33,1,1
BRDA:122,34,0,0
BRDA:122,34,1,0
BRDA:123,35,0,0
BRDA:123,35,1,0
BRDA:138,36,0,2
BRDA:138,36,1,1
BRDA:142,37,0,1
BRDA:142,37,1,0
BRDA:145,38,0,1
BRDA:145,38,1,0
BRDA:151,39,0,0
BRDA:151,39,1,0
BRDA:160,40,0,0
BRDA:160,40,1,0
BRDA:161,41,0,0
BRDA:161,41,1,0
BRDA:161,41,2,0
BRDA:164,42,0,0
BRDA:164,42,1,0
BRDA:171,43,0,0
BRDA:171,43,1,0
BRDA:171,44,0,0
BRDA:171,44,1,0
BRDA:172,45,0,0
BRDA:172,45,1,0
BRDA:175,46,0,0
BRDA:175,46,1,0
BRDA:184,47,0,0
BRDA:184,47,1,0
BRDA:189,48,0,0
BRDA:189,48,1,0
BRDA:192,49,0,0
BRDA:192,49,1,0
BRDA:201,50,0,0
BRDA:201,50,1,0
BRDA:213,51,0,0
BRDA:213,51,1,0
BRDA:219,52,0,0
BRDA:219,52,1,0
BRDA:230,53,0,2
BRDA:230,53,1,0
BRDA:230,54,0,2
BRDA:230,54,1,2
BRDA:230,54,2,2
BRDA:234,55,0,2
BRDA:234,55,1,2
BRDA:234,55,2,1
BRDA:238,56,0,1
BRDA:238,56,1,2
BRDA:242,57,0,0
BRDA:242,57,1,1
BRDA:263,58,0,4
BRDA:266,59,0,5
BRDA:266,59,1,1
BRDA:267,60,0,5
BRDA:267,60,1,0
BRDA:274,61,0,4
BRDA:274,61,1,1
BRF:130
BRH:61
end_of_record
